<?xml version="1.0" encoding="UTF-8"?>
<!-- Generated by org.testng.reporters.JUnitReportReporter -->
<testsuite hostname="Ananyaa" failures="0" tests="1" name="com.example.day7.Testingday7.NewTest" time="11.363" errors="0" timestamp="2023-04-28T23:12:33 IST" skipped="0">
  <testcase classname="com.example.day7.Testingday7.NewTest" name="tc_001" time="11.363"/>
  <system-out/>
</testsuite> <!-- com.example.day7.Testingday7.NewTest -->
