<?xml version="1.0" encoding="UTF-8"?>
<!-- Generated by org.testng.reporters.JUnitReportReporter -->
<testsuite hostname="Ananyaa" failures="0" tests="4" name="com.example.day7.Testingday7.NewTest1" time="0.029" errors="0" timestamp="2023-04-28T23:14:38 IST" skipped="0">
  <testcase classname="com.example.day7.Testingday7.NewTest1" name="divide" time="0.003"/>
  <system-out/>
  <testcase classname="com.example.day7.Testingday7.NewTest1" name="sub" time="0.002"/>
  <system-out/>
  <testcase classname="com.example.day7.Testingday7.NewTest1" name="add" time="0.021"/>
  <system-out/>
  <testcase classname="com.example.day7.Testingday7.NewTest1" name="multiply" time="0.003"/>
  <system-out/>
</testsuite> <!-- com.example.day7.Testingday7.NewTest1 -->
